\BOOKMARK [1][-]{section.1}{\376\377\000P\000r\000\351\000-\000r\000e\000q\000u\000i\000s}{}% 1
\BOOKMARK [2][-]{subsection.1.1}{\376\377\000J\000a\000v\000a\000\040\0001\0007}{section.1}% 2
\BOOKMARK [2][-]{subsection.1.2}{\376\377\000M\000o\000n\000g\000o\000D\000B}{section.1}% 3
\BOOKMARK [2][-]{subsection.1.3}{\376\377\000L\000e\000\040\000p\000r\000o\000x\000y}{section.1}% 4
\BOOKMARK [3][-]{subsubsection.1.3.1}{\376\377\000F\000i\000d\000d\000l\000e\000r}{subsection.1.3}% 5
\BOOKMARK [3][-]{subsubsection.1.3.2}{\376\377\000M\000i\000t\000m\000p\000r\000o\000x\000y}{subsection.1.3}% 6
\BOOKMARK [1][-]{section.2}{\376\377\000I\000n\000s\000t\000a\000l\000l\000a\000t\000i\000o\000n\000\040\000d\000e\000\040\000G\000r\000a\000s\000s\000c\000u\000t\000t\000e\000r}{}% 7
\BOOKMARK [2][-]{subsection.2.1}{\376\377\000V\000e\000r\000s\000i\000o\000n\000\040\000n\000o\000r\000m\000a\000l\000e}{section.2}% 8
\BOOKMARK [3][-]{subsubsection.2.1.1}{\376\377\000L\000e\000\040\000j\000a\000r\000\040\000d\000e\000\040\000G\000r\000a\000s\000s\000c\000u\000t\000t\000e\000r}{subsection.2.1}% 9
\BOOKMARK [3][-]{subsubsection.2.1.2}{\376\377\000L\000e\000s\000\040\000r\000e\000s\000s\000o\000u\000r\000c\000e\000s}{subsection.2.1}% 10
\BOOKMARK [3][-]{subsubsection.2.1.3}{\376\377\000L\000e\000s\000\040\000a\000u\000t\000r\000e\000s\000\040\000f\000i\000c\000h\000i\000e\000r\000s\000\040\000r\000e\000q\000u\000i\000s}{subsection.2.1}% 11
\BOOKMARK [3][-]{subsubsection.2.1.4}{\376\377\000I\000n\000s\000t\000a\000l\000l\000a\000t\000i\000o\000n\000\040\000d\000e\000\040\000G\000r\000a\000s\000s\000c\000u\000t\000t\000e\000r\000\050\000s\000t\000a\000b\000l\000e\000\051}{subsection.2.1}% 12
\BOOKMARK [2][-]{subsection.2.2}{\376\377\000V\000e\000r\000s\000i\000o\000n\000\040\000b\000e\000t\000a\000\050\0002\000.\0007\000\051}{section.2}% 13
\BOOKMARK [1][-]{section.3}{\376\377\000L\000a\000n\000c\000e\000m\000e\000n\000t\000\040\000d\000u\000\040\000s\000e\000r\000v\000e\000u\000r}{}% 14
\BOOKMARK [2][-]{subsection.3.1}{\376\377\000L\000a\000n\000c\000e\000m\000e\000n\000t\000\040\000v\000i\000a\000\040\000C\000M\000D}{section.3}% 15
\BOOKMARK [2][-]{subsection.3.2}{\376\377\000L\000a\000n\000c\000e\000m\000e\000n\000t\000\040\000v\000i\000a\000\040\000G\000r\000a\000s\000s\000c\000l\000i\000p\000p\000e\000r}{section.3}% 16
\BOOKMARK [3][-]{subsubsection.3.2.1}{\376\377\000T\000\351\000l\000\351\000c\000h\000a\000r\000g\000e\000m\000e\000n\000t\000\040\000e\000t\000\040\000c\000o\000n\000f\000i\000g\000u\000r\000a\000t\000i\000o\000n}{subsection.3.2}% 17
\BOOKMARK [3][-]{subsubsection.3.2.2}{\376\377\000L\000a\000n\000c\000e\000m\000e\000n\000t}{subsection.3.2}% 18
\BOOKMARK [1][-]{section.4}{\376\377\000A\000p\000r\000\350\000s\000\040\000a\000v\000o\000i\000r\000\040\000l\000a\000n\000c\000\351\000\040\000l\000e\000\040\000j\000e\000u}{}% 19
\BOOKMARK [2][-]{subsection.4.1}{\376\377\000L\000e\000s\000\040\000c\000o\000m\000m\000a\000n\000d\000e\000s}{section.4}% 20
\BOOKMARK [1][-]{section.5}{\376\377\000L\000e\000s\000\040\000p\000r\000o\000b\000l\000\350\000m\000e\000s}{}% 21
\BOOKMARK [2][-]{subsection.5.1}{\376\377\000G\000r\000a\000s\000s\000c\000u\000t\000t\000e\000r}{section.5}% 22
\BOOKMARK [3][-]{subsubsection.5.1.1}{\376\377\000[\000W\000A\000R\000N\000]\000\040\000F\000a\000i\000l\000e\000d\000\040\000t\000o\000\040\000l\000o\000a\000d\000\040\000l\000a\000n\000g\000u\000a\000g\000e\000\040\000f\000i\000l\000e\000:\000\040\000f\000r\000-\000F\000R\000.\000j\000s\000o\000n}{subsection.5.1}% 23
\BOOKMARK [2][-]{subsection.5.2}{\376\377\000G\000r\000a\000s\000s\000c\000l\000i\000p\000p\000e\000r}{section.5}% 24
\BOOKMARK [3][-]{subsubsection.5.2.1}{\376\377\000U\000n\000e\000\040\000f\000e\000n\000\352\000t\000r\000e\000\040\000t\000o\000t\000a\000l\000e\000m\000e\000n\000t\000\040\000b\000l\000a\000n\000c\000h\000e}{subsection.5.2}% 25
